<?xml version="1.0" encoding="UTF-8"?>
<robot generator="Robot 5.0.1 (Python 3.8.10 on linux)" generated="20220925 01:46:58.396" rpa="false" schemaversion="3">
<suite id="s1" name="Task3" source="/home/lashweenraj/Documents/RF/Task3/Task3.robot">
<test id="s1-t1" name="Login to Deriv and Buy Lower Contract" line="11">
<kw name="Open Browser" library="SeleniumLibrary">
<arg>https://app.deriv.com/</arg>
<arg>chrome</arg>
<doc>Opens a new browser instance to the optional ``url``.</doc>
<msg timestamp="20220925 01:46:58.501" level="INFO">Opening browser 'chrome' to base url 'https://app.deriv.com/'.</msg>
<status status="PASS" starttime="20220925 01:46:58.501" endtime="20220925 01:47:08.063"/>
</kw>
<kw name="Maximize Browser Window" library="SeleniumLibrary">
<doc>Maximizes current browser window.</doc>
<status status="PASS" starttime="20220925 01:47:08.063" endtime="20220925 01:47:08.168"/>
</kw>
<kw name="Wait Until Page Contains Element" library="SeleniumLibrary">
<arg>//div[@class='btn-purchase__text_wrapper' and contains(.,'Rise')]</arg>
<arg>30</arg>
<doc>Waits until the element ``locator`` appears on the current page.</doc>
<status status="PASS" starttime="20220925 01:47:08.168" endtime="20220925 01:47:08.181"/>
</kw>
<kw name="Click Element" library="SeleniumLibrary">
<arg>dt_login_button</arg>
<doc>Click the element identified by ``locator``.</doc>
<msg timestamp="20220925 01:47:08.181" level="INFO">Clicking element 'dt_login_button'.</msg>
<status status="PASS" starttime="20220925 01:47:08.181" endtime="20220925 01:47:10.680"/>
</kw>
<kw name="Wait Until Page Contains Element" library="SeleniumLibrary">
<arg>//input[@type='email']</arg>
<arg>10</arg>
<doc>Waits until the element ``locator`` appears on the current page.</doc>
<status status="PASS" starttime="20220925 01:47:10.681" endtime="20220925 01:47:10.700"/>
</kw>
<kw name="Input Text" library="SeleniumLibrary">
<arg>//input[@type='email']</arg>
<arg>lashweenraj@besquare.com.my</arg>
<doc>Types the given ``text`` into the text field identified by ``locator``.</doc>
<msg timestamp="20220925 01:47:10.701" level="INFO">Typing text 'lashweenraj@besquare.com.my' into text field '//input[@type='email']'.</msg>
<status status="PASS" starttime="20220925 01:47:10.701" endtime="20220925 01:47:10.775"/>
</kw>
<kw name="Input Text" library="SeleniumLibrary">
<arg>//input[@type='password']</arg>
<arg>Lashween28</arg>
<doc>Types the given ``text`` into the text field identified by ``locator``.</doc>
<msg timestamp="20220925 01:47:10.777" level="INFO">Typing text 'Lashween28' into text field '//input[@type='password']'.</msg>
<status status="PASS" starttime="20220925 01:47:10.776" endtime="20220925 01:47:10.856"/>
</kw>
<kw name="Click Element" library="SeleniumLibrary">
<arg>//button[@type='submit']</arg>
<doc>Click the element identified by ``locator``.</doc>
<msg timestamp="20220925 01:47:10.857" level="INFO">Clicking element '//button[@type='submit']'.</msg>
<status status="PASS" starttime="20220925 01:47:10.857" endtime="20220925 01:47:12.801"/>
</kw>
<kw name="Wait Until Page Contains Element" library="SeleniumLibrary">
<arg>dt_core_account-info_acc-info</arg>
<arg>30</arg>
<doc>Waits until the element ``locator`` appears on the current page.</doc>
<status status="PASS" starttime="20220925 01:47:12.801" endtime="20220925 01:47:14.570"/>
</kw>
<kw name="Wait Until Page Does Not Contain Element" library="SeleniumLibrary">
<arg>//*[@aria-label="Loading interface..."]</arg>
<arg>20</arg>
<doc>Waits until the element ``locator`` disappears from the current page.</doc>
<status status="PASS" starttime="20220925 01:47:14.570" endtime="20220925 01:47:16.661"/>
</kw>
<kw name="Click Element" library="SeleniumLibrary">
<arg>//div[@id='dt_core_account-info_acc-info']</arg>
<doc>Click the element identified by ``locator``.</doc>
<msg timestamp="20220925 01:47:16.662" level="INFO">Clicking element '//div[@id='dt_core_account-info_acc-info']'.</msg>
<status status="PASS" starttime="20220925 01:47:16.662" endtime="20220925 01:47:17.153"/>
</kw>
<kw name="Click Element" library="SeleniumLibrary">
<arg>//li[@id='real_account_tab']</arg>
<doc>Click the element identified by ``locator``.</doc>
<msg timestamp="20220925 01:47:17.154" level="INFO">Clicking element '//li[@id='real_account_tab']'.</msg>
<status status="PASS" starttime="20220925 01:47:17.154" endtime="20220925 01:47:17.292"/>
</kw>
<kw name="Click Element" library="SeleniumLibrary">
<arg>//li[@id='dt_core_account-switcher_demo-tab']</arg>
<doc>Click the element identified by ``locator``.</doc>
<msg timestamp="20220925 01:47:17.293" level="INFO">Clicking element '//li[@id='dt_core_account-switcher_demo-tab']'.</msg>
<status status="PASS" starttime="20220925 01:47:17.293" endtime="20220925 01:47:17.555"/>
</kw>
<kw name="Click Element" library="SeleniumLibrary">
<arg>//div[@class='dc-content-expander__content']</arg>
<doc>Click the element identified by ``locator``.</doc>
<msg timestamp="20220925 01:47:17.556" level="INFO">Clicking element '//div[@class='dc-content-expander__content']'.</msg>
<status status="PASS" starttime="20220925 01:47:17.555" endtime="20220925 01:47:17.778"/>
</kw>
<kw name="Wait Until Page Does Not Contain Element" library="SeleniumLibrary">
<arg>//*[@aria-label="Loading interface..."]</arg>
<arg>20</arg>
<doc>Waits until the element ``locator`` disappears from the current page.</doc>
<status status="PASS" starttime="20220925 01:47:17.778" endtime="20220925 01:47:23.302"/>
</kw>
<kw name="Click Element" library="SeleniumLibrary">
<arg>//div[@class='cq-symbol']</arg>
<doc>Click the element identified by ``locator``.</doc>
<msg timestamp="20220925 01:47:23.302" level="INFO">Clicking element '//div[@class='cq-symbol']'.</msg>
<status status="PASS" starttime="20220925 01:47:23.302" endtime="20220925 01:47:23.454"/>
</kw>
<kw name="Wait Until Element Is Visible" library="SeleniumLibrary">
<arg>//span[@class='ic-icon ic-forex']</arg>
<doc>Waits until the element ``locator`` is visible.</doc>
<status status="PASS" starttime="20220925 01:47:23.455" endtime="20220925 01:47:23.964"/>
</kw>
<kw name="Click Element" library="SeleniumLibrary">
<arg>//span[@class='ic-icon ic-forex']</arg>
<doc>Click the element identified by ``locator``.</doc>
<msg timestamp="20220925 01:47:23.965" level="INFO">Clicking element '//span[@class='ic-icon ic-forex']'.</msg>
<status status="PASS" starttime="20220925 01:47:23.965" endtime="20220925 01:47:24.044"/>
</kw>
<kw name="Wait Until Element Is Visible" library="SeleniumLibrary">
<arg>//div[@class='sc-mcd__item sc-mcd__item--frxAUDUSD ']</arg>
<arg>10</arg>
<doc>Waits until the element ``locator`` is visible.</doc>
<status status="PASS" starttime="20220925 01:47:24.044" endtime="20220925 01:47:24.071"/>
</kw>
<kw name="Click Element" library="SeleniumLibrary">
<arg>//div[@class='sc-mcd__item sc-mcd__item--frxAUDUSD ']</arg>
<doc>Click the element identified by ``locator``.</doc>
<msg timestamp="20220925 01:47:24.072" level="INFO">Clicking element '//div[@class='sc-mcd__item sc-mcd__item--frxAUDUSD ']'.</msg>
<status status="PASS" starttime="20220925 01:47:24.071" endtime="20220925 01:47:24.201"/>
</kw>
<kw name="Wait Until Element Is Visible" library="SeleniumLibrary">
<arg>//span[@name='contract_type']</arg>
<arg>10</arg>
<doc>Waits until the element ``locator`` is visible.</doc>
<status status="PASS" starttime="20220925 01:47:24.201" endtime="20220925 01:47:25.047"/>
</kw>
<kw name="Click Element" library="SeleniumLibrary">
<arg>//span[@name='contract_type']</arg>
<doc>Click the element identified by ``locator``.</doc>
<msg timestamp="20220925 01:47:25.049" level="INFO">Clicking element '//span[@name='contract_type']'.</msg>
<status status="PASS" starttime="20220925 01:47:25.048" endtime="20220925 01:47:25.134"/>
</kw>
<kw name="Wait Until Element Is Enabled" library="SeleniumLibrary">
<arg>//div[@id='dt_contract_high_low_item']</arg>
<arg>10</arg>
<doc>Waits until the element ``locator`` is enabled.</doc>
<status status="PASS" starttime="20220925 01:47:25.135" endtime="20220925 01:47:25.220"/>
</kw>
<kw name="Click Element" library="SeleniumLibrary">
<arg>//div[@id='dt_contract_high_low_item']</arg>
<doc>Click the element identified by ``locator``.</doc>
<msg timestamp="20220925 01:47:25.223" level="INFO">Clicking element '//div[@id='dt_contract_high_low_item']'.</msg>
<status status="PASS" starttime="20220925 01:47:25.222" endtime="20220925 01:47:25.600"/>
</kw>
<kw name="Wait Until Page Contains" library="SeleniumLibrary">
<arg>Higher/Lower</arg>
<arg>10</arg>
<doc>Waits until ``text`` appears on the current page.</doc>
<status status="PASS" starttime="20220925 01:47:25.600" endtime="20220925 01:47:25.856"/>
</kw>
<kw name="Page Should Contain" library="SeleniumLibrary">
<arg>Higher/Lower</arg>
<doc>Verifies that current page contains ``text``.</doc>
<msg timestamp="20220925 01:47:25.871" level="INFO">Current page contains text 'Higher/Lower'.</msg>
<status status="PASS" starttime="20220925 01:47:25.856" endtime="20220925 01:47:25.871"/>
</kw>
<kw name="Click Element" library="SeleniumLibrary">
<arg>//button[@id='dc_duration_toggle_item']</arg>
<doc>Click the element identified by ``locator``.</doc>
<msg timestamp="20220925 01:47:25.872" level="INFO">Clicking element '//button[@id='dc_duration_toggle_item']'.</msg>
<status status="PASS" starttime="20220925 01:47:25.871" endtime="20220925 01:47:25.932"/>
</kw>
<kw name="Press Keys" library="SeleniumLibrary">
<arg>//input[@class='dc-input__field']</arg>
<arg>CTRL+a+DELETE</arg>
<doc>Simulates the user pressing key(s) to an element or on the active browser.</doc>
<msg timestamp="20220925 01:47:25.933" level="INFO">Sending key(s) ('CTRL+a+DELETE',) to //input[@class='dc-input__field'] element.</msg>
<msg timestamp="20220925 01:47:26.258" level="INFO">Pressing special key CONTROL down.</msg>
<msg timestamp="20220925 01:47:26.258" level="INFO">Sending key a</msg>
<msg timestamp="20220925 01:47:26.258" level="INFO">Pressing special key DELETE down.</msg>
<msg timestamp="20220925 01:47:26.258" level="INFO">Releasing special key CONTROL.</msg>
<msg timestamp="20220925 01:47:26.258" level="INFO">Releasing special key DELETE.</msg>
<status status="PASS" starttime="20220925 01:47:25.932" endtime="20220925 01:47:26.369"/>
</kw>
<kw name="Input Text" library="SeleniumLibrary">
<arg>//input[@class='dc-input__field']</arg>
<arg>${duration}</arg>
<doc>Types the given ``text`` into the text field identified by ``locator``.</doc>
<msg timestamp="20220925 01:47:26.370" level="INFO">Typing text '4' into text field '//input[@class='dc-input__field']'.</msg>
<status status="PASS" starttime="20220925 01:47:26.369" endtime="20220925 01:47:26.568"/>
</kw>
<kw name="Click Button" library="SeleniumLibrary">
<arg>dc_payout_toggle_item</arg>
<doc>Clicks the button identified by ``locator``.</doc>
<msg timestamp="20220925 01:47:26.569" level="INFO">Clicking button 'dc_payout_toggle_item'.</msg>
<status status="PASS" starttime="20220925 01:47:26.569" endtime="20220925 01:47:26.696"/>
</kw>
<kw name="Press Keys" library="SeleniumLibrary">
<arg>//input[@id='dt_amount_input']</arg>
<arg>CTRL+a+DELETE</arg>
<doc>Simulates the user pressing key(s) to an element or on the active browser.</doc>
<msg timestamp="20220925 01:47:26.698" level="INFO">Sending key(s) ('CTRL+a+DELETE',) to //input[@id='dt_amount_input'] element.</msg>
<msg timestamp="20220925 01:47:27.012" level="INFO">Pressing special key CONTROL down.</msg>
<msg timestamp="20220925 01:47:27.012" level="INFO">Sending key a</msg>
<msg timestamp="20220925 01:47:27.012" level="INFO">Pressing special key DELETE down.</msg>
<msg timestamp="20220925 01:47:27.012" level="INFO">Releasing special key CONTROL.</msg>
<msg timestamp="20220925 01:47:27.012" level="INFO">Releasing special key DELETE.</msg>
<status status="PASS" starttime="20220925 01:47:26.697" endtime="20220925 01:47:27.031"/>
</kw>
<kw name="Input Text" library="SeleniumLibrary">
<arg>//input[@id='dt_amount_input']</arg>
<arg>${purchase_amount}</arg>
<doc>Types the given ``text`` into the text field identified by ``locator``.</doc>
<msg timestamp="20220925 01:47:27.033" level="INFO">Typing text '15.50' into text field '//input[@id='dt_amount_input']'.</msg>
<status status="PASS" starttime="20220925 01:47:27.032" endtime="20220925 01:47:27.280"/>
</kw>
<kw name="Wait Until Page Contains Element" library="SeleniumLibrary">
<arg>//div[@class="purchase-container" and contains(.,'Lower')]</arg>
<arg>30</arg>
<doc>Waits until the element ``locator`` appears on the current page.</doc>
<status status="PASS" starttime="20220925 01:47:27.280" endtime="20220925 01:47:27.304"/>
</kw>
<status status="PASS" starttime="20220925 01:46:58.500" endtime="20220925 01:47:27.305"/>
</test>
<status status="PASS" starttime="20220925 01:46:58.397" endtime="20220925 01:47:27.306"/>
</suite>
<statistics>
<total>
<stat pass="1" fail="0" skip="0">All Tests</stat>
</total>
<tag>
</tag>
<suite>
<stat pass="1" fail="0" skip="0" id="s1" name="Task3">Task3</stat>
</suite>
</statistics>
<errors>
</errors>
</robot>
