<?xml version="1.0" encoding="UTF-8"?>
<robot generator="Robot 5.0.1 (Python 3.8.10 on linux)" generated="20220923 09:05:41.973" rpa="false" schemaversion="3">
<suite id="s1" name="Task3" source="/home/lashweenraj/Documents/RF/Task3/Task3.robot">
<test id="s1-t1" name="Login to Deriv and Buy Lower Contract" line="11">
<kw name="Open Browser" library="SeleniumLibrary">
<arg>https://app.deriv.com/</arg>
<arg>chrome</arg>
<doc>Opens a new browser instance to the optional ``url``.</doc>
<msg timestamp="20220923 09:05:42.138" level="INFO">Opening browser 'chrome' to base url 'https://app.deriv.com/'.</msg>
<status status="PASS" starttime="20220923 09:05:42.138" endtime="20220923 09:05:47.937"/>
</kw>
<kw name="Maximize Browser Window" library="SeleniumLibrary">
<doc>Maximizes current browser window.</doc>
<status status="PASS" starttime="20220923 09:05:47.938" endtime="20220923 09:05:48.086"/>
</kw>
<kw name="Wait Until Page Contains Element" library="SeleniumLibrary">
<arg>//div[@class='btn-purchase__text_wrapper' and contains(.,'Rise')]</arg>
<arg>30</arg>
<doc>Waits until the element ``locator`` appears on the current page.</doc>
<status status="PASS" starttime="20220923 09:05:48.087" endtime="20220923 09:05:50.277"/>
</kw>
<kw name="Click Element" library="SeleniumLibrary">
<arg>dt_login_button</arg>
<doc>Click the element identified by ``locator``.</doc>
<msg timestamp="20220923 09:05:50.278" level="INFO">Clicking element 'dt_login_button'.</msg>
<status status="PASS" starttime="20220923 09:05:50.277" endtime="20220923 09:05:52.814"/>
</kw>
<kw name="Wait Until Page Contains Element" library="SeleniumLibrary">
<arg>//input[@type='email']</arg>
<arg>10</arg>
<doc>Waits until the element ``locator`` appears on the current page.</doc>
<status status="PASS" starttime="20220923 09:05:52.814" endtime="20220923 09:05:52.831"/>
</kw>
<kw name="Input Text" library="SeleniumLibrary">
<arg>//input[@type='email']</arg>
<arg>lashweenraj@besquare.com.my</arg>
<doc>Types the given ``text`` into the text field identified by ``locator``.</doc>
<msg timestamp="20220923 09:05:52.833" level="INFO">Typing text 'lashweenraj@besquare.com.my' into text field '//input[@type='email']'.</msg>
<status status="PASS" starttime="20220923 09:05:52.832" endtime="20220923 09:05:52.923"/>
</kw>
<kw name="Input Text" library="SeleniumLibrary">
<arg>//input[@type='password']</arg>
<arg>Lashween28</arg>
<doc>Types the given ``text`` into the text field identified by ``locator``.</doc>
<msg timestamp="20220923 09:05:52.924" level="INFO">Typing text 'Lashween28' into text field '//input[@type='password']'.</msg>
<status status="PASS" starttime="20220923 09:05:52.924" endtime="20220923 09:05:53.011"/>
</kw>
<kw name="Click Element" library="SeleniumLibrary">
<arg>//button[@type='submit']</arg>
<doc>Click the element identified by ``locator``.</doc>
<msg timestamp="20220923 09:05:53.012" level="INFO">Clicking element '//button[@type='submit']'.</msg>
<status status="PASS" starttime="20220923 09:05:53.012" endtime="20220923 09:05:56.970"/>
</kw>
<kw name="Wait Until Page Contains Element" library="SeleniumLibrary">
<arg>dt_core_account-info_acc-info</arg>
<arg>30</arg>
<doc>Waits until the element ``locator`` appears on the current page.</doc>
<status status="PASS" starttime="20220923 09:05:56.970" endtime="20220923 09:05:56.987"/>
</kw>
<kw name="Wait Until Page Does Not Contain Element" library="SeleniumLibrary">
<arg>//*[@aria-label="Loading interface..."]</arg>
<arg>20</arg>
<doc>Waits until the element ``locator`` disappears from the current page.</doc>
<status status="PASS" starttime="20220923 09:05:56.987" endtime="20220923 09:05:59.878"/>
</kw>
<kw name="Click Element" library="SeleniumLibrary">
<arg>//div[@id='dt_core_account-info_acc-info']</arg>
<doc>Click the element identified by ``locator``.</doc>
<msg timestamp="20220923 09:05:59.879" level="INFO">Clicking element '//div[@id='dt_core_account-info_acc-info']'.</msg>
<status status="PASS" starttime="20220923 09:05:59.878" endtime="20220923 09:06:00.282"/>
</kw>
<kw name="Click Element" library="SeleniumLibrary">
<arg>//li[@id='real_account_tab']</arg>
<doc>Click the element identified by ``locator``.</doc>
<msg timestamp="20220923 09:06:00.283" level="INFO">Clicking element '//li[@id='real_account_tab']'.</msg>
<status status="PASS" starttime="20220923 09:06:00.282" endtime="20220923 09:06:00.403"/>
</kw>
<kw name="Click Element" library="SeleniumLibrary">
<arg>//li[@id='dt_core_account-switcher_demo-tab']</arg>
<doc>Click the element identified by ``locator``.</doc>
<msg timestamp="20220923 09:06:00.404" level="INFO">Clicking element '//li[@id='dt_core_account-switcher_demo-tab']'.</msg>
<status status="PASS" starttime="20220923 09:06:00.403" endtime="20220923 09:06:00.808"/>
</kw>
<kw name="Click Element" library="SeleniumLibrary">
<arg>//div[@class='dc-content-expander__content']</arg>
<doc>Click the element identified by ``locator``.</doc>
<msg timestamp="20220923 09:06:00.811" level="INFO">Clicking element '//div[@class='dc-content-expander__content']'.</msg>
<status status="PASS" starttime="20220923 09:06:00.809" endtime="20220923 09:06:01.126"/>
</kw>
<kw name="Wait Until Page Does Not Contain Element" library="SeleniumLibrary">
<arg>//*[@aria-label="Loading interface..."]</arg>
<arg>20</arg>
<doc>Waits until the element ``locator`` disappears from the current page.</doc>
<status status="PASS" starttime="20220923 09:06:01.126" endtime="20220923 09:06:08.104"/>
</kw>
<kw name="Click Element" library="SeleniumLibrary">
<arg>//div[@class='cq-symbol']</arg>
<doc>Click the element identified by ``locator``.</doc>
<msg timestamp="20220923 09:06:08.105" level="INFO">Clicking element '//div[@class='cq-symbol']'.</msg>
<status status="PASS" starttime="20220923 09:06:08.104" endtime="20220923 09:06:08.250"/>
</kw>
<kw name="Wait Until Element Is Visible" library="SeleniumLibrary">
<arg>//span[@class='ic-icon ic-forex']</arg>
<doc>Waits until the element ``locator`` is visible.</doc>
<status status="PASS" starttime="20220923 09:06:08.251" endtime="20220923 09:06:08.746"/>
</kw>
<kw name="Click Element" library="SeleniumLibrary">
<arg>//span[@class='ic-icon ic-forex']</arg>
<doc>Click the element identified by ``locator``.</doc>
<msg timestamp="20220923 09:06:08.748" level="INFO">Clicking element '//span[@class='ic-icon ic-forex']'.</msg>
<status status="PASS" starttime="20220923 09:06:08.747" endtime="20220923 09:06:08.832"/>
</kw>
<kw name="Wait Until Element Is Visible" library="SeleniumLibrary">
<arg>//div[@class='sc-mcd__item sc-mcd__item--frxAUDUSD ']</arg>
<arg>10</arg>
<doc>Waits until the element ``locator`` is visible.</doc>
<status status="PASS" starttime="20220923 09:06:08.833" endtime="20220923 09:06:08.873"/>
</kw>
<kw name="Click Element" library="SeleniumLibrary">
<arg>//div[@class='sc-mcd__item sc-mcd__item--frxAUDUSD ']</arg>
<doc>Click the element identified by ``locator``.</doc>
<msg timestamp="20220923 09:06:08.874" level="INFO">Clicking element '//div[@class='sc-mcd__item sc-mcd__item--frxAUDUSD ']'.</msg>
<status status="PASS" starttime="20220923 09:06:08.873" endtime="20220923 09:06:09.058"/>
</kw>
<kw name="Wait Until Element Is Visible" library="SeleniumLibrary">
<arg>//span[@name='contract_type']</arg>
<arg>10</arg>
<doc>Waits until the element ``locator`` is visible.</doc>
<status status="PASS" starttime="20220923 09:06:09.058" endtime="20220923 09:06:10.550"/>
</kw>
<kw name="Click Element" library="SeleniumLibrary">
<arg>//span[@name='contract_type']</arg>
<doc>Click the element identified by ``locator``.</doc>
<msg timestamp="20220923 09:06:10.551" level="INFO">Clicking element '//span[@name='contract_type']'.</msg>
<status status="PASS" starttime="20220923 09:06:10.551" endtime="20220923 09:06:10.707"/>
</kw>
<kw name="Wait Until Element Is Enabled" library="SeleniumLibrary">
<arg>//div[@id='dt_contract_high_low_item']</arg>
<arg>10</arg>
<doc>Waits until the element ``locator`` is enabled.</doc>
<status status="PASS" starttime="20220923 09:06:10.707" endtime="20220923 09:06:10.824"/>
</kw>
<kw name="Click Element" library="SeleniumLibrary">
<arg>//div[@id='dt_contract_high_low_item']</arg>
<doc>Click the element identified by ``locator``.</doc>
<msg timestamp="20220923 09:06:10.826" level="INFO">Clicking element '//div[@id='dt_contract_high_low_item']'.</msg>
<status status="PASS" starttime="20220923 09:06:10.825" endtime="20220923 09:06:11.267"/>
</kw>
<kw name="Wait Until Page Contains" library="SeleniumLibrary">
<arg>Higher/Lower</arg>
<arg>10</arg>
<doc>Waits until ``text`` appears on the current page.</doc>
<status status="PASS" starttime="20220923 09:06:11.267" endtime="20220923 09:06:11.562"/>
</kw>
<kw name="Page Should Contain" library="SeleniumLibrary">
<arg>Higher/Lower</arg>
<doc>Verifies that current page contains ``text``.</doc>
<msg timestamp="20220923 09:06:11.619" level="INFO">Current page contains text 'Higher/Lower'.</msg>
<status status="PASS" starttime="20220923 09:06:11.563" endtime="20220923 09:06:11.619"/>
</kw>
<kw name="Click Element" library="SeleniumLibrary">
<arg>//button[@id='dc_duration_toggle_item']</arg>
<doc>Click the element identified by ``locator``.</doc>
<msg timestamp="20220923 09:06:11.621" level="INFO">Clicking element '//button[@id='dc_duration_toggle_item']'.</msg>
<status status="PASS" starttime="20220923 09:06:11.620" endtime="20220923 09:06:12.096"/>
</kw>
<kw name="Press Keys" library="SeleniumLibrary">
<arg>//input[@class='dc-input__field']</arg>
<arg>CTRL+a+DELETE</arg>
<doc>Simulates the user pressing key(s) to an element or on the active browser.</doc>
<msg timestamp="20220923 09:06:12.098" level="INFO">Sending key(s) ('CTRL+a+DELETE',) to //input[@class='dc-input__field'] element.</msg>
<msg timestamp="20220923 09:06:12.494" level="INFO">Pressing special key CONTROL down.</msg>
<msg timestamp="20220923 09:06:12.495" level="INFO">Sending key a</msg>
<msg timestamp="20220923 09:06:12.495" level="INFO">Pressing special key DELETE down.</msg>
<msg timestamp="20220923 09:06:12.495" level="INFO">Releasing special key CONTROL.</msg>
<msg timestamp="20220923 09:06:12.495" level="INFO">Releasing special key DELETE.</msg>
<status status="PASS" starttime="20220923 09:06:12.097" endtime="20220923 09:06:12.672"/>
</kw>
<kw name="Input Text" library="SeleniumLibrary">
<arg>//input[@class='dc-input__field']</arg>
<arg>${duration}</arg>
<doc>Types the given ``text`` into the text field identified by ``locator``.</doc>
<msg timestamp="20220923 09:06:12.674" level="INFO">Typing text '4' into text field '//input[@class='dc-input__field']'.</msg>
<status status="PASS" starttime="20220923 09:06:12.673" endtime="20220923 09:06:13.158"/>
</kw>
<kw name="Click Button" library="SeleniumLibrary">
<arg>dc_payout_toggle_item</arg>
<doc>Clicks the button identified by ``locator``.</doc>
<msg timestamp="20220923 09:06:13.160" level="INFO">Clicking button 'dc_payout_toggle_item'.</msg>
<status status="PASS" starttime="20220923 09:06:13.159" endtime="20220923 09:06:13.405"/>
</kw>
<kw name="Press Keys" library="SeleniumLibrary">
<arg>//input[@id='dt_amount_input']</arg>
<arg>CTRL+a+DELETE</arg>
<doc>Simulates the user pressing key(s) to an element or on the active browser.</doc>
<msg timestamp="20220923 09:06:13.406" level="INFO">Sending key(s) ('CTRL+a+DELETE',) to //input[@id='dt_amount_input'] element.</msg>
<msg timestamp="20220923 09:06:13.755" level="INFO">Pressing special key CONTROL down.</msg>
<msg timestamp="20220923 09:06:13.755" level="INFO">Sending key a</msg>
<msg timestamp="20220923 09:06:13.755" level="INFO">Pressing special key DELETE down.</msg>
<msg timestamp="20220923 09:06:13.755" level="INFO">Releasing special key CONTROL.</msg>
<msg timestamp="20220923 09:06:13.755" level="INFO">Releasing special key DELETE.</msg>
<status status="PASS" starttime="20220923 09:06:13.405" endtime="20220923 09:06:13.902"/>
</kw>
<kw name="Input Text" library="SeleniumLibrary">
<arg>//input[@id='dt_amount_input']</arg>
<arg>${purchase_amount}</arg>
<doc>Types the given ``text`` into the text field identified by ``locator``.</doc>
<msg timestamp="20220923 09:06:13.902" level="INFO">Typing text '15.50' into text field '//input[@id='dt_amount_input']'.</msg>
<status status="PASS" starttime="20220923 09:06:13.902" endtime="20220923 09:06:14.134"/>
</kw>
<kw name="Wait Until Page Contains Element" library="SeleniumLibrary">
<arg>//div[@class="purchase-container" and contains(.,'Lower')]</arg>
<arg>30</arg>
<doc>Waits until the element ``locator`` appears on the current page.</doc>
<status status="PASS" starttime="20220923 09:06:14.134" endtime="20220923 09:06:14.155"/>
</kw>
<status status="PASS" starttime="20220923 09:05:42.137" endtime="20220923 09:06:14.155"/>
</test>
<status status="PASS" starttime="20220923 09:05:41.974" endtime="20220923 09:06:14.157"/>
</suite>
<statistics>
<total>
<stat pass="1" fail="0" skip="0">All Tests</stat>
</total>
<tag>
</tag>
<suite>
<stat pass="1" fail="0" skip="0" id="s1" name="Task3">Task3</stat>
</suite>
</statistics>
<errors>
</errors>
</robot>
