<?xml version="1.0" encoding="UTF-8"?>
<robot generator="Robot 5.0.1 (Python 3.8.10 on linux)" generated="20220925 01:54:05.454" rpa="false" schemaversion="3">
<suite id="s1" name="Q4" source="/home/lashweenraj/Documents/RF/Task 4/q4.robot">
<test id="s1-t1" name="Login To Deriv and Check Barrier error" line="13">
<kw name="Open Browser" library="SeleniumLibrary">
<arg>https://app.deriv.com/</arg>
<arg>chrome</arg>
<doc>Opens a new browser instance to the optional ``url``.</doc>
<msg timestamp="20220925 01:54:05.614" level="INFO">Opening browser 'chrome' to base url 'https://app.deriv.com/'.</msg>
<status status="PASS" starttime="20220925 01:54:05.614" endtime="20220925 01:54:12.002"/>
</kw>
<kw name="Maximize Browser Window" library="SeleniumLibrary">
<doc>Maximizes current browser window.</doc>
<status status="PASS" starttime="20220925 01:54:12.002" endtime="20220925 01:54:12.110"/>
</kw>
<kw name="Wait Until Page Contains Element" library="SeleniumLibrary">
<arg>//div[@class='btn-purchase__text_wrapper' and contains(.,'Rise')]</arg>
<arg>30</arg>
<doc>Waits until the element ``locator`` appears on the current page.</doc>
<status status="PASS" starttime="20220925 01:54:12.110" endtime="20220925 01:54:14.280"/>
</kw>
<kw name="Click Element" library="SeleniumLibrary">
<arg>dt_login_button</arg>
<doc>Click the element identified by ``locator``.</doc>
<msg timestamp="20220925 01:54:14.281" level="INFO">Clicking element 'dt_login_button'.</msg>
<status status="PASS" starttime="20220925 01:54:14.281" endtime="20220925 01:54:16.823"/>
</kw>
<kw name="Wait Until Page Contains Element" library="SeleniumLibrary">
<arg>//input[@type='email']</arg>
<arg>10</arg>
<doc>Waits until the element ``locator`` appears on the current page.</doc>
<status status="PASS" starttime="20220925 01:54:16.824" endtime="20220925 01:54:16.837"/>
</kw>
<kw name="Input Text" library="SeleniumLibrary">
<arg>//input[@type='email']</arg>
<arg>lashweenraj@besquare.com.my</arg>
<doc>Types the given ``text`` into the text field identified by ``locator``.</doc>
<msg timestamp="20220925 01:54:16.838" level="INFO">Typing text 'lashweenraj@besquare.com.my' into text field '//input[@type='email']'.</msg>
<status status="PASS" starttime="20220925 01:54:16.837" endtime="20220925 01:54:16.913"/>
</kw>
<kw name="Input Text" library="SeleniumLibrary">
<arg>//input[@type='password']</arg>
<arg>Lashween28</arg>
<doc>Types the given ``text`` into the text field identified by ``locator``.</doc>
<msg timestamp="20220925 01:54:16.914" level="INFO">Typing text 'Lashween28' into text field '//input[@type='password']'.</msg>
<status status="PASS" starttime="20220925 01:54:16.913" endtime="20220925 01:54:16.989"/>
</kw>
<kw name="Click Element" library="SeleniumLibrary">
<arg>//button[@type='submit']</arg>
<doc>Click the element identified by ``locator``.</doc>
<msg timestamp="20220925 01:54:16.990" level="INFO">Clicking element '//button[@type='submit']'.</msg>
<status status="PASS" starttime="20220925 01:54:16.990" endtime="20220925 01:54:18.573"/>
</kw>
<kw name="Wait Until Page Contains Element" library="SeleniumLibrary">
<arg>dt_core_account-info_acc-info</arg>
<arg>30</arg>
<doc>Waits until the element ``locator`` appears on the current page.</doc>
<status status="PASS" starttime="20220925 01:54:18.573" endtime="20220925 01:54:19.994"/>
</kw>
<kw name="Wait Until Page Does Not Contain Element" library="SeleniumLibrary">
<arg>//*[@aria-label="Loading interface..."]</arg>
<arg>20</arg>
<doc>Waits until the element ``locator`` disappears from the current page.</doc>
<status status="PASS" starttime="20220925 01:54:19.994" endtime="20220925 01:54:22.520"/>
</kw>
<kw name="Click Element" library="SeleniumLibrary">
<arg>//div[@id='dt_core_account-info_acc-info']</arg>
<doc>Click the element identified by ``locator``.</doc>
<msg timestamp="20220925 01:54:22.521" level="INFO">Clicking element '//div[@id='dt_core_account-info_acc-info']'.</msg>
<status status="PASS" starttime="20220925 01:54:22.520" endtime="20220925 01:54:22.771"/>
</kw>
<kw name="Click Element" library="SeleniumLibrary">
<arg>//li[@id='real_account_tab']</arg>
<doc>Click the element identified by ``locator``.</doc>
<msg timestamp="20220925 01:54:22.773" level="INFO">Clicking element '//li[@id='real_account_tab']'.</msg>
<status status="PASS" starttime="20220925 01:54:22.772" endtime="20220925 01:54:22.850"/>
</kw>
<kw name="Click Element" library="SeleniumLibrary">
<arg>//li[@id='dt_core_account-switcher_demo-tab']</arg>
<doc>Click the element identified by ``locator``.</doc>
<msg timestamp="20220925 01:54:22.851" level="INFO">Clicking element '//li[@id='dt_core_account-switcher_demo-tab']'.</msg>
<status status="PASS" starttime="20220925 01:54:22.851" endtime="20220925 01:54:22.922"/>
</kw>
<kw name="Click Element" library="SeleniumLibrary">
<arg>//div[@class='dc-content-expander__content']</arg>
<doc>Click the element identified by ``locator``.</doc>
<msg timestamp="20220925 01:54:22.922" level="INFO">Clicking element '//div[@class='dc-content-expander__content']'.</msg>
<status status="PASS" starttime="20220925 01:54:22.922" endtime="20220925 01:54:23.110"/>
</kw>
<kw name="Wait Until Page Does Not Contain Element" library="SeleniumLibrary">
<arg>//*[@aria-label="Loading interface..."]</arg>
<arg>20</arg>
<doc>Waits until the element ``locator`` disappears from the current page.</doc>
<status status="PASS" starttime="20220925 01:54:23.110" endtime="20220925 01:54:29.288"/>
</kw>
<kw name="Page Should Contain Element" library="SeleniumLibrary">
<arg>//input[@class='dc-input-wrapper__input input--has-inline-prefix input trade-container__input' and @value='15.50']</arg>
<doc>Verifies that element ``locator`` is found on the current page.</doc>
<msg timestamp="20220925 01:54:29.749" level="INFO" html="true">&lt;/td&gt;&lt;/tr&gt;&lt;tr&gt;&lt;td colspan="3"&gt;&lt;a href="selenium-screenshot-10.png"&gt;&lt;img src="selenium-screenshot-10.png" width="800px"&gt;&lt;/a&gt;</msg>
<msg timestamp="20220925 01:54:29.750" level="FAIL">Page should have contained element '//input[@class='dc-input-wrapper__input input--has-inline-prefix input trade-container__input' and @value='15.50']' but did not.</msg>
<status status="FAIL" starttime="20220925 01:54:29.288" endtime="20220925 01:54:29.751"/>
</kw>
<kw name="Click Element" library="SeleniumLibrary">
<arg>//input[@class='dc-input-wrapper__input input--has-inline-prefix input trade-container__input']</arg>
<doc>Click the element identified by ``locator``.</doc>
<status status="NOT RUN" starttime="20220925 01:54:29.751" endtime="20220925 01:54:29.751"/>
</kw>
<kw name="Press Keys" library="SeleniumLibrary">
<arg>None</arg>
<arg>CTRL+A</arg>
<doc>Simulates the user pressing key(s) to an element or on the active browser.</doc>
<status status="NOT RUN" starttime="20220925 01:54:29.752" endtime="20220925 01:54:29.752"/>
</kw>
<kw name="Press Keys" library="SeleniumLibrary">
<arg>None</arg>
<arg>BACKSPACE</arg>
<doc>Simulates the user pressing key(s) to an element or on the active browser.</doc>
<status status="NOT RUN" starttime="20220925 01:54:29.752" endtime="20220925 01:54:29.752"/>
</kw>
<kw name="Press Keys" library="SeleniumLibrary">
<arg>None</arg>
<arg>1 + 0</arg>
<doc>Simulates the user pressing key(s) to an element or on the active browser.</doc>
<status status="NOT RUN" starttime="20220925 01:54:29.753" endtime="20220925 01:54:29.753"/>
</kw>
<kw name="Wait Until Element Is Visible" library="SeleniumLibrary">
<arg>//input[@class='dc-input-wrapper__input input--has-inline-prefix input trade-container__input' and @value='10']</arg>
<arg>10</arg>
<doc>Waits until the element ``locator`` is visible.</doc>
<status status="NOT RUN" starttime="20220925 01:54:29.753" endtime="20220925 01:54:29.753"/>
</kw>
<kw name="Page Should Contain Element" library="SeleniumLibrary">
<arg>//input[@class='dc-input-wrapper__input input--has-inline-prefix input trade-container__input' and @value='10']</arg>
<doc>Verifies that element ``locator`` is found on the current page.</doc>
<status status="NOT RUN" starttime="20220925 01:54:29.753" endtime="20220925 01:54:29.753"/>
</kw>
<kw name="Click Element" library="SeleniumLibrary">
<arg>//input[@id='dt_barrier_1_input']</arg>
<doc>Click the element identified by ``locator``.</doc>
<status status="NOT RUN" starttime="20220925 01:54:29.753" endtime="20220925 01:54:29.753"/>
</kw>
<kw name="Press Keys" library="SeleniumLibrary">
<arg>None</arg>
<arg>CTRL+A</arg>
<doc>Simulates the user pressing key(s) to an element or on the active browser.</doc>
<status status="NOT RUN" starttime="20220925 01:54:29.754" endtime="20220925 01:54:29.754"/>
</kw>
<kw name="Press Keys" library="SeleniumLibrary">
<arg>None</arg>
<arg>BACKSPACE</arg>
<doc>Simulates the user pressing key(s) to an element or on the active browser.</doc>
<status status="NOT RUN" starttime="20220925 01:54:29.754" endtime="20220925 01:54:29.754"/>
</kw>
<kw name="Press Keys" library="SeleniumLibrary">
<arg>None</arg>
<arg>+ + 0 + . + 1</arg>
<doc>Simulates the user pressing key(s) to an element or on the active browser.</doc>
<status status="NOT RUN" starttime="20220925 01:54:29.754" endtime="20220925 01:54:29.755"/>
</kw>
<kw name="Wait Until Page Contains" library="SeleniumLibrary">
<arg>Contracts more than 24 hours in duration would need an absolute barrier</arg>
<arg>10</arg>
<doc>Waits until ``text`` appears on the current page.</doc>
<status status="NOT RUN" starttime="20220925 01:54:29.755" endtime="20220925 01:54:29.755"/>
</kw>
<kw name="Page Should Contain Element" library="SeleniumLibrary">
<arg>//div[@class='trade-container__fieldset-wrapper trade-container__fieldset-wrapper--disabled']</arg>
<doc>Verifies that element ``locator`` is found on the current page.</doc>
<status status="NOT RUN" starttime="20220925 01:54:29.755" endtime="20220925 01:54:29.755"/>
</kw>
<kw name="Page Should Contain" library="SeleniumLibrary">
<arg>Contracts more than 24 hours in duration would need an absolute barrier</arg>
<doc>Verifies that current page contains ``text``.</doc>
<status status="NOT RUN" starttime="20220925 01:54:29.755" endtime="20220925 01:54:29.755"/>
</kw>
<status status="FAIL" starttime="20220925 01:54:05.613" endtime="20220925 01:54:29.756">Page should have contained element '//input[@class='dc-input-wrapper__input input--has-inline-prefix input trade-container__input' and @value='15.50']' but did not.</status>
</test>
<status status="FAIL" starttime="20220925 01:54:05.455" endtime="20220925 01:54:29.757"/>
</suite>
<statistics>
<total>
<stat pass="0" fail="1" skip="0">All Tests</stat>
</total>
<tag>
</tag>
<suite>
<stat pass="0" fail="1" skip="0" id="s1" name="Q4">Q4</stat>
</suite>
</statistics>
<errors>
</errors>
</robot>
